0 info it worked if it ends with ok
1 verbose cli [ 'node', '/home/antti/.nvm/v0.11.14/bin/npm', 'start' ]
2 info using npm@2.1.9
3 info using node@v0.11.14
4 verbose stack Error: missing script: start
4 verbose stack     at run (/home/antti/.nvm/v0.11.14/lib/node_modules/npm/lib/run-script.js:130:19)
4 verbose stack     at /home/antti/.nvm/v0.11.14/lib/node_modules/npm/lib/run-script.js:81:5
4 verbose stack     at /home/antti/.nvm/v0.11.14/lib/node_modules/npm/node_modules/read-package-json/read-json.js:51:40
4 verbose stack     at final (/home/antti/.nvm/v0.11.14/lib/node_modules/npm/node_modules/read-package-json/read-json.js:349:17)
4 verbose stack     at then (/home/antti/.nvm/v0.11.14/lib/node_modules/npm/node_modules/read-package-json/read-json.js:126:33)
4 verbose stack     at /home/antti/.nvm/v0.11.14/lib/node_modules/npm/node_modules/read-package-json/read-json.js:316:48
4 verbose stack     at evalmachine.<anonymous>:224:20
4 verbose stack     at OpenReq.Req.done (/home/antti/.nvm/v0.11.14/lib/node_modules/npm/node_modules/graceful-fs/graceful-fs.js:141:5)
4 verbose stack     at OpenReq.done (/home/antti/.nvm/v0.11.14/lib/node_modules/npm/node_modules/graceful-fs/graceful-fs.js:61:22)
4 verbose stack     at Object.oncomplete (evalmachine.<anonymous>:93:15)
5 verbose cwd /home/antti/code/angularexpresstest/client
6 error Linux 3.13.0-40-generic
7 error argv "node" "/home/antti/.nvm/v0.11.14/bin/npm" "start"
8 error node v0.11.14
9 error npm  v2.1.9
10 error missing script: start
11 error If you need help, you may report this error at:
11 error     <http://github.com/npm/npm/issues>
12 verbose exit [ 1, true ]
